<?xml version="1.0" encoding="UTF-8"?>
<!-- Generated by org.testng.reporters.JUnitXMLReporter -->
<testsuite ignored="0" hostname="DESKTOP-DJLCPNS" failures="1" tests="3" name="ErrorValidation Test" time="15.646" errors="0" timestamp="2025-05-01T11:53:07 IST">
  <testcase classname="MME3.meeplatform.ErrorValidation" name="loginError" time="3.365">
    <skipped/>
  </testcase> <!-- loginError -->
  <testcase classname="MME3.meeplatform.ErrorValidation" name="loginError" time="2.001">
    <failure type="java.lang.AssertionError" message="expected [Incorrect password.] but found [Incorrect email or password.]">
      <![CDATA[java.lang.AssertionError: expected [Incorrect password.] but found [Incorrect email or password.]
at MME3.meeplatform.ErrorValidation.loginError(ErrorValidation.java:34)
at java.base/java.util.ArrayList.forEach(ArrayList.java:1604)
... Removed 31 stack frames]]>
    </failure>
  </testcase> <!-- loginError -->
  <testcase classname="MME3.meeplatform.ErrorValidation" name="productErrorValidation" time="4.133"/>
</testsuite> <!-- ErrorValidation Test -->
