<?xml version="1.0" encoding="UTF-8"?>
<!-- Generated by org.testng.reporters.JUnitXMLReporter -->
<testsuite ignored="0" hostname="DESKTOP-DJLCPNS" failures="0" tests="3" name="Test" time="23.294" errors="0" timestamp="2025-04-30T00:08:02 IST">
  <testcase classname="MME3.meeplatform.SubmitOrderTest" name="submitOrder" time="7.783"/>
  <testcase classname="MME3.meeplatform.ErrorValidation" name="loginError" time="0.427"/>
  <testcase classname="MME3.meeplatform.ErrorValidation" name="productErrorValidation" time="3.838"/>
</testsuite> <!-- Test -->
