<?xml version="1.0" encoding="UTF-8"?>
<testng-results ignored="0" total="4" passed="4" failed="0" skipped="0">
  <reporter-output>
  </reporter-output>
  <suite started-at="2025-05-02T12:01:28 IST" name="Suite" finished-at="2025-05-02T12:02:09 IST" duration-ms="41018">
    <groups>
      <group name="Smoke">
        <method signature="SubmitOrderTest.submitOrder(java.lang.String,java.lang.String)[pri:0, instance:MME3.meeplatform.SubmitOrderTest@17046283]" name="submitOrder" class="MME3.meeplatform.SubmitOrderTest"/>
        <method signature="ErrorValidation.loginError()[pri:0, instance:MME3.meeplatform.ErrorValidation@42e99e4a]" name="loginError" class="MME3.meeplatform.ErrorValidation"/>
      </group> <!-- Smoke -->
    </groups>
    <test started-at="2025-05-02T12:01:28 IST" name="Submit Order Test" finished-at="2025-05-02T12:01:56 IST" duration-ms="27506">
      <class name="MME3.meeplatform.SubmitOrderTest">
        <test-method is-config="true" signature="launchApplication()[pri:0, instance:MME3.meeplatform.SubmitOrderTest@17046283]" started-at="2025-05-02T12:01:28 IST" name="launchApplication" finished-at="2025-05-02T12:01:35 IST" duration-ms="7012" status="PASS">
          <reporter-output>
          </reporter-output>
        </test-method> <!-- launchApplication -->
        <test-method signature="submitOrder(java.lang.String,java.lang.String)[pri:0, instance:MME3.meeplatform.SubmitOrderTest@17046283]" started-at="2025-05-02T12:01:35 IST" name="submitOrder" data-provider="getData" finished-at="2025-05-02T12:01:44 IST" duration-ms="9164" status="PASS">
          <params>
            <param index="0">
              <value>
                <![CDATA[pratikshag3@gmial.com]]>
              </value>
            </param>
            <param index="1">
              <value>
                <![CDATA[Password@1234]]>
              </value>
            </param>
          </params>
          <reporter-output>
          </reporter-output>
        </test-method> <!-- submitOrder -->
        <test-method is-config="true" signature="tearDown()[pri:0, instance:MME3.meeplatform.SubmitOrderTest@17046283]" started-at="2025-05-02T12:01:44 IST" name="tearDown" finished-at="2025-05-02T12:01:44 IST" duration-ms="170" status="PASS">
          <reporter-output>
          </reporter-output>
        </test-method> <!-- tearDown -->
        <test-method is-config="true" signature="launchApplication()[pri:0, instance:MME3.meeplatform.SubmitOrderTest@17046283]" started-at="2025-05-02T12:01:44 IST" name="launchApplication" finished-at="2025-05-02T12:01:47 IST" duration-ms="2254" status="PASS">
          <reporter-output>
          </reporter-output>
        </test-method> <!-- launchApplication -->
        <test-method signature="submitOrder(java.lang.String,java.lang.String)[pri:0, instance:MME3.meeplatform.SubmitOrderTest@17046283]" started-at="2025-05-02T12:01:47 IST" name="submitOrder" data-provider="getData" finished-at="2025-05-02T12:01:55 IST" duration-ms="8698" status="PASS">
          <params>
            <param index="0">
              <value>
                <![CDATA[rahul2808@gmail.com]]>
              </value>
            </param>
            <param index="1">
              <value>
                <![CDATA[Password@28]]>
              </value>
            </param>
          </params>
          <reporter-output>
          </reporter-output>
        </test-method> <!-- submitOrder -->
        <test-method is-config="true" signature="tearDown()[pri:0, instance:MME3.meeplatform.SubmitOrderTest@17046283]" started-at="2025-05-02T12:01:55 IST" name="tearDown" finished-at="2025-05-02T12:01:56 IST" duration-ms="127" status="PASS">
          <reporter-output>
          </reporter-output>
        </test-method> <!-- tearDown -->
      </class> <!-- MME3.meeplatform.SubmitOrderTest -->
    </test> <!-- Submit Order Test -->
    <test started-at="2025-05-02T12:01:56 IST" name="ErrorValidation Test" finished-at="2025-05-02T12:02:09 IST" duration-ms="13421">
      <class name="MME3.meeplatform.ErrorValidation">
        <test-method is-config="true" signature="launchApplication()[pri:0, instance:MME3.meeplatform.ErrorValidation@42e99e4a]" started-at="2025-05-02T12:01:56 IST" name="launchApplication" finished-at="2025-05-02T12:01:58 IST" duration-ms="2296" status="PASS">
          <reporter-output>
          </reporter-output>
        </test-method> <!-- launchApplication -->
        <test-method signature="loginError()[pri:0, instance:MME3.meeplatform.ErrorValidation@42e99e4a]" started-at="2025-05-02T12:01:58 IST" name="loginError" finished-at="2025-05-02T12:02:02 IST" duration-ms="3996" status="PASS">
          <reporter-output>
          </reporter-output>
        </test-method> <!-- loginError -->
        <test-method is-config="true" signature="tearDown()[pri:0, instance:MME3.meeplatform.ErrorValidation@42e99e4a]" started-at="2025-05-02T12:02:02 IST" name="tearDown" finished-at="2025-05-02T12:02:02 IST" duration-ms="130" status="PASS">
          <reporter-output>
          </reporter-output>
        </test-method> <!-- tearDown -->
        <test-method is-config="true" signature="launchApplication()[pri:0, instance:MME3.meeplatform.ErrorValidation@42e99e4a]" started-at="2025-05-02T12:02:02 IST" name="launchApplication" finished-at="2025-05-02T12:02:04 IST" duration-ms="2260" status="PASS">
          <reporter-output>
          </reporter-output>
        </test-method> <!-- launchApplication -->
        <test-method signature="productErrorValidation()[pri:0, instance:MME3.meeplatform.ErrorValidation@42e99e4a]" started-at="2025-05-02T12:02:04 IST" name="productErrorValidation" finished-at="2025-05-02T12:02:09 IST" duration-ms="4592" status="PASS">
          <reporter-output>
          </reporter-output>
        </test-method> <!-- productErrorValidation -->
        <test-method is-config="true" signature="tearDown()[pri:0, instance:MME3.meeplatform.ErrorValidation@42e99e4a]" started-at="2025-05-02T12:02:09 IST" name="tearDown" finished-at="2025-05-02T12:02:09 IST" duration-ms="141" status="PASS">
          <reporter-output>
          </reporter-output>
        </test-method> <!-- tearDown -->
      </class> <!-- MME3.meeplatform.ErrorValidation -->
    </test> <!-- ErrorValidation Test -->
    <test started-at="2025-05-02T12:02:09 IST" name="Base Test" finished-at="2025-05-02T12:02:09 IST" duration-ms="0">
    </test> <!-- Base Test -->
  </suite> <!-- Suite -->
</testng-results>
