<?xml version="1.0" encoding="UTF-8"?>
<testng-results retried="1" ignored="0" total="5" passed="3" failed="1" skipped="0">
  <reporter-output>
  </reporter-output>
  <suite started-at="2025-05-01T11:52:34 IST" name="Suite" finished-at="2025-05-01T11:53:07 IST" duration-ms="32599">
    <groups>
      <group name="Smoke">
        <method signature="SubmitOrderTest.submitOrder(java.lang.String,java.lang.String)[pri:0, instance:MME3.meeplatform.SubmitOrderTest@67d48005]" name="submitOrder" class="MME3.meeplatform.SubmitOrderTest"/>
        <method signature="ErrorValidation.loginError()[pri:0, instance:MME3.meeplatform.ErrorValidation@14cd1699]" name="loginError" class="MME3.meeplatform.ErrorValidation"/>
      </group> <!-- Smoke -->
    </groups>
    <test started-at="2025-05-01T11:52:34 IST" name="Submit Order Test" finished-at="2025-05-01T11:52:51 IST" duration-ms="16897">
      <class name="MME3.meeplatform.SubmitOrderTest">
        <test-method is-config="true" signature="launchApplication()[pri:0, instance:MME3.meeplatform.SubmitOrderTest@67d48005]" started-at="2025-05-01T11:52:34 IST" name="launchApplication" finished-at="2025-05-01T11:52:37 IST" duration-ms="2553" status="PASS">
          <reporter-output>
          </reporter-output>
        </test-method> <!-- launchApplication -->
        <test-method signature="submitOrder(java.lang.String,java.lang.String)[pri:0, instance:MME3.meeplatform.SubmitOrderTest@67d48005]" started-at="2025-05-01T11:52:37 IST" name="submitOrder" data-provider="getData" finished-at="2025-05-01T11:52:43 IST" duration-ms="6489" status="PASS">
          <params>
            <param index="0">
              <value>
                <![CDATA[pratikshag3@gmial.com]]>
              </value>
            </param>
            <param index="1">
              <value>
                <![CDATA[Password@1234]]>
              </value>
            </param>
          </params>
          <reporter-output>
          </reporter-output>
        </test-method> <!-- submitOrder -->
        <test-method is-config="true" signature="tearDown()[pri:0, instance:MME3.meeplatform.SubmitOrderTest@67d48005]" started-at="2025-05-01T11:52:43 IST" name="tearDown" finished-at="2025-05-01T11:52:44 IST" duration-ms="101" status="PASS">
          <reporter-output>
          </reporter-output>
        </test-method> <!-- tearDown -->
        <test-method is-config="true" signature="launchApplication()[pri:0, instance:MME3.meeplatform.SubmitOrderTest@67d48005]" started-at="2025-05-01T11:52:44 IST" name="launchApplication" finished-at="2025-05-01T11:52:45 IST" duration-ms="1365" status="PASS">
          <reporter-output>
          </reporter-output>
        </test-method> <!-- launchApplication -->
        <test-method signature="submitOrder(java.lang.String,java.lang.String)[pri:0, instance:MME3.meeplatform.SubmitOrderTest@67d48005]" started-at="2025-05-01T11:52:45 IST" name="submitOrder" data-provider="getData" finished-at="2025-05-01T11:52:51 IST" duration-ms="6236" status="PASS">
          <params>
            <param index="0">
              <value>
                <![CDATA[rahul2808@gmail.com]]>
              </value>
            </param>
            <param index="1">
              <value>
                <![CDATA[Password@28]]>
              </value>
            </param>
          </params>
          <reporter-output>
          </reporter-output>
        </test-method> <!-- submitOrder -->
        <test-method is-config="true" signature="tearDown()[pri:0, instance:MME3.meeplatform.SubmitOrderTest@67d48005]" started-at="2025-05-01T11:52:51 IST" name="tearDown" finished-at="2025-05-01T11:52:51 IST" duration-ms="93" status="PASS">
          <reporter-output>
          </reporter-output>
        </test-method> <!-- tearDown -->
      </class> <!-- MME3.meeplatform.SubmitOrderTest -->
    </test> <!-- Submit Order Test -->
    <test started-at="2025-05-01T11:52:51 IST" name="ErrorValidation Test" finished-at="2025-05-01T11:53:07 IST" duration-ms="15646">
      <class name="MME3.meeplatform.ErrorValidation">
        <test-method is-config="true" signature="launchApplication()[pri:0, instance:MME3.meeplatform.ErrorValidation@14cd1699]" started-at="2025-05-01T11:52:51 IST" name="launchApplication" finished-at="2025-05-01T11:52:53 IST" duration-ms="2148" status="PASS">
          <reporter-output>
          </reporter-output>
        </test-method> <!-- launchApplication -->
        <test-method retried="true" signature="loginError()[pri:0, instance:MME3.meeplatform.ErrorValidation@14cd1699]" started-at="2025-05-01T11:52:53 IST" name="loginError" finished-at="2025-05-01T11:52:57 IST" duration-ms="3365" status="SKIP">
          <exception class="java.lang.AssertionError">
            <message>
              <![CDATA[expected [Incorrect password.] but found [Incorrect email or password.]]]>
            </message>
            <full-stacktrace>
              <![CDATA[java.lang.AssertionError: expected [Incorrect password.] but found [Incorrect email or password.]
at org.testng.Assert.fail(Assert.java:111)
at org.testng.Assert.failNotEquals(Assert.java:1590)
at org.testng.Assert.assertEqualsImpl(Assert.java:150)
at org.testng.Assert.assertEquals(Assert.java:132)
at org.testng.Assert.assertEquals(Assert.java:656)
at org.testng.Assert.assertEquals(Assert.java:666)
at MME3.meeplatform.ErrorValidation.loginError(ErrorValidation.java:34)
at java.base/jdk.internal.reflect.DirectMethodHandleAccessor.invoke(DirectMethodHandleAccessor.java:104)
at java.base/java.lang.reflect.Method.invoke(Method.java:565)
at org.testng.internal.invokers.MethodInvocationHelper.invokeMethod(MethodInvocationHelper.java:141)
at org.testng.internal.invokers.TestInvoker.invokeMethod(TestInvoker.java:687)
at org.testng.internal.invokers.TestInvoker.invokeTestMethod(TestInvoker.java:230)
at org.testng.internal.invokers.MethodRunner.runInSequence(MethodRunner.java:63)
at org.testng.internal.invokers.TestInvoker$MethodInvocationAgent.invoke(TestInvoker.java:995)
at org.testng.internal.invokers.TestInvoker.invokeTestMethods(TestInvoker.java:203)
at org.testng.internal.invokers.TestMethodWorker.invokeTestMethods(TestMethodWorker.java:154)
at org.testng.internal.invokers.TestMethodWorker.run(TestMethodWorker.java:134)
at java.base/java.util.ArrayList.forEach(ArrayList.java:1604)
at org.testng.TestRunner.privateRun(TestRunner.java:741)
at org.testng.TestRunner.run(TestRunner.java:616)
at org.testng.SuiteRunner.runTest(SuiteRunner.java:421)
at org.testng.SuiteRunner.runSequentially(SuiteRunner.java:413)
at org.testng.SuiteRunner.privateRun(SuiteRunner.java:373)
at org.testng.SuiteRunner.run(SuiteRunner.java:312)
at org.testng.SuiteRunnerWorker.runSuite(SuiteRunnerWorker.java:52)
at org.testng.SuiteRunnerWorker.run(SuiteRunnerWorker.java:95)
at org.testng.TestNG.runSuitesSequentially(TestNG.java:1274)
at org.testng.TestNG.runSuitesLocally(TestNG.java:1208)
at org.testng.TestNG.runSuites(TestNG.java:1112)
at org.testng.TestNG.run(TestNG.java:1079)
at org.testng.remote.AbstractRemoteTestNG.run(AbstractRemoteTestNG.java:115)
at org.testng.remote.RemoteTestNG.initAndRun(RemoteTestNG.java:293)
at org.testng.remote.RemoteTestNG.main(RemoteTestNG.java:91)
]]>
            </full-stacktrace>
          </exception> <!-- java.lang.AssertionError -->
          <reporter-output>
          </reporter-output>
        </test-method> <!-- loginError -->
        <test-method is-config="true" signature="tearDown()[pri:0, instance:MME3.meeplatform.ErrorValidation@14cd1699]" started-at="2025-05-01T11:52:57 IST" name="tearDown" finished-at="2025-05-01T11:52:57 IST" duration-ms="113" status="PASS">
          <reporter-output>
          </reporter-output>
        </test-method> <!-- tearDown -->
        <test-method is-config="true" signature="launchApplication()[pri:0, instance:MME3.meeplatform.ErrorValidation@14cd1699]" started-at="2025-05-01T11:52:57 IST" name="launchApplication" finished-at="2025-05-01T11:52:59 IST" duration-ms="1646" status="PASS">
          <reporter-output>
          </reporter-output>
        </test-method> <!-- launchApplication -->
        <test-method signature="loginError()[pri:0, instance:MME3.meeplatform.ErrorValidation@14cd1699]" started-at="2025-05-01T11:52:59 IST" name="loginError" finished-at="2025-05-01T11:53:01 IST" duration-ms="2001" status="FAIL">
          <exception class="java.lang.AssertionError">
            <message>
              <![CDATA[expected [Incorrect password.] but found [Incorrect email or password.]]]>
            </message>
            <full-stacktrace>
              <![CDATA[java.lang.AssertionError: expected [Incorrect password.] but found [Incorrect email or password.]
at org.testng.Assert.fail(Assert.java:111)
at org.testng.Assert.failNotEquals(Assert.java:1590)
at org.testng.Assert.assertEqualsImpl(Assert.java:150)
at org.testng.Assert.assertEquals(Assert.java:132)
at org.testng.Assert.assertEquals(Assert.java:656)
at org.testng.Assert.assertEquals(Assert.java:666)
at MME3.meeplatform.ErrorValidation.loginError(ErrorValidation.java:34)
at java.base/jdk.internal.reflect.DirectMethodHandleAccessor.invoke(DirectMethodHandleAccessor.java:104)
at java.base/java.lang.reflect.Method.invoke(Method.java:565)
at org.testng.internal.invokers.MethodInvocationHelper.invokeMethod(MethodInvocationHelper.java:141)
at org.testng.internal.invokers.TestInvoker.invokeMethod(TestInvoker.java:687)
at org.testng.internal.invokers.TestInvoker.retryFailed(TestInvoker.java:269)
at org.testng.internal.invokers.MethodRunner.runInSequence(MethodRunner.java:76)
at org.testng.internal.invokers.TestInvoker$MethodInvocationAgent.invoke(TestInvoker.java:995)
at org.testng.internal.invokers.TestInvoker.invokeTestMethods(TestInvoker.java:203)
at org.testng.internal.invokers.TestMethodWorker.invokeTestMethods(TestMethodWorker.java:154)
at org.testng.internal.invokers.TestMethodWorker.run(TestMethodWorker.java:134)
at java.base/java.util.ArrayList.forEach(ArrayList.java:1604)
at org.testng.TestRunner.privateRun(TestRunner.java:741)
at org.testng.TestRunner.run(TestRunner.java:616)
at org.testng.SuiteRunner.runTest(SuiteRunner.java:421)
at org.testng.SuiteRunner.runSequentially(SuiteRunner.java:413)
at org.testng.SuiteRunner.privateRun(SuiteRunner.java:373)
at org.testng.SuiteRunner.run(SuiteRunner.java:312)
at org.testng.SuiteRunnerWorker.runSuite(SuiteRunnerWorker.java:52)
at org.testng.SuiteRunnerWorker.run(SuiteRunnerWorker.java:95)
at org.testng.TestNG.runSuitesSequentially(TestNG.java:1274)
at org.testng.TestNG.runSuitesLocally(TestNG.java:1208)
at org.testng.TestNG.runSuites(TestNG.java:1112)
at org.testng.TestNG.run(TestNG.java:1079)
at org.testng.remote.AbstractRemoteTestNG.run(AbstractRemoteTestNG.java:115)
at org.testng.remote.RemoteTestNG.initAndRun(RemoteTestNG.java:293)
at org.testng.remote.RemoteTestNG.main(RemoteTestNG.java:91)
]]>
            </full-stacktrace>
          </exception> <!-- java.lang.AssertionError -->
          <reporter-output>
          </reporter-output>
        </test-method> <!-- loginError -->
        <test-method is-config="true" signature="tearDown()[pri:0, instance:MME3.meeplatform.ErrorValidation@14cd1699]" started-at="2025-05-01T11:53:01 IST" name="tearDown" finished-at="2025-05-01T11:53:01 IST" duration-ms="136" status="PASS">
          <reporter-output>
          </reporter-output>
        </test-method> <!-- tearDown -->
        <test-method is-config="true" signature="launchApplication()[pri:0, instance:MME3.meeplatform.ErrorValidation@14cd1699]" started-at="2025-05-01T11:53:01 IST" name="launchApplication" finished-at="2025-05-01T11:53:03 IST" duration-ms="1600" status="PASS">
          <reporter-output>
          </reporter-output>
        </test-method> <!-- launchApplication -->
        <test-method signature="productErrorValidation()[pri:0, instance:MME3.meeplatform.ErrorValidation@14cd1699]" started-at="2025-05-01T11:53:03 IST" name="productErrorValidation" finished-at="2025-05-01T11:53:07 IST" duration-ms="4133" status="PASS">
          <reporter-output>
          </reporter-output>
        </test-method> <!-- productErrorValidation -->
        <test-method is-config="true" signature="tearDown()[pri:0, instance:MME3.meeplatform.ErrorValidation@14cd1699]" started-at="2025-05-01T11:53:07 IST" name="tearDown" finished-at="2025-05-01T11:53:07 IST" duration-ms="137" status="PASS">
          <reporter-output>
          </reporter-output>
        </test-method> <!-- tearDown -->
      </class> <!-- MME3.meeplatform.ErrorValidation -->
    </test> <!-- ErrorValidation Test -->
    <test started-at="2025-05-01T11:53:07 IST" name="Base Test" finished-at="2025-05-01T11:53:07 IST" duration-ms="1">
    </test> <!-- Base Test -->
  </suite> <!-- Suite -->
</testng-results>
