<?xml version="1.0" encoding="UTF-8"?>
<!-- Generated by org.testng.reporters.JUnitReportReporter -->
<testsuite hostname="DESKTOP-DJLCPNS" failures="0" tests="2" name="MME3.meeplatform.SubmitOrderTest" time="16.837" errors="0" timestamp="2025-05-01T11:53:07 IST" skipped="0">
  <testcase classname="MME3.meeplatform.SubmitOrderTest" name="submitOrder" time="7.947"/>
  <testcase classname="MME3.meeplatform.SubmitOrderTest" name="submitOrder" time="8.890"/>
</testsuite> <!-- MME3.meeplatform.SubmitOrderTest -->
