<?xml version="1.0" encoding="UTF-8"?>
<!-- Generated by org.testng.reporters.JUnitReportReporter -->
<testsuite hostname="DESKTOP-DJLCPNS" failures="0" tests="2" name="MME3.meeplatform.ErrorValidation" time="13.415" errors="0" timestamp="2025-05-02T12:02:09 IST" skipped="0">
  <testcase classname="MME3.meeplatform.ErrorValidation" name="productErrorValidation" time="6.982"/>
  <testcase classname="MME3.meeplatform.ErrorValidation" name="loginError" time="6.433"/>
</testsuite> <!-- MME3.meeplatform.ErrorValidation -->
