<?xml version="1.0" encoding="UTF-8"?>
<!-- Generated by org.testng.reporters.JUnitReportReporter -->
<testsuite hostname="DESKTOP-DJLCPNS" failures="0" tests="2" name="MME3.meeplatform.SubmitOrderTest" time="27.425" errors="0" timestamp="2025-05-02T12:02:09 IST" skipped="0">
  <testcase classname="MME3.meeplatform.SubmitOrderTest" name="submitOrder" time="11.122"/>
  <testcase classname="MME3.meeplatform.SubmitOrderTest" name="submitOrder" time="16.303"/>
</testsuite> <!-- MME3.meeplatform.SubmitOrderTest -->
